
		Thu Jun 13 2024
14:07:31 OpenLink Virtuoso Universal Server
14:07:31 Version 07.20.3237-pthreads for Linux as of Jul 12 2023 (000000)
14:07:31 uses OpenSSL 3.0.2 15 Mar 2022
14:07:31 uses parts of PCRE, Html Tidy
14:07:31 SQL Optimizer enabled (max 1000 layouts)
14:07:32 Compiler unit is timed at 0.000465 msec
14:07:39 Checkpoint started
14:07:39 Checkpoint finished.
14:07:39 Roll forward started
14:07:39 Roll forward complete
14:07:46 PL LOG: Installing Virtuoso Conductor version 1.00.8849 (DAV)
14:07:46 PL LOG: Installing with dependencies Virtuoso Conductor version 1.00.8849/2023-07-12 15:11 (DAV)
14:07:46 Checkpoint started
14:07:46 Checkpoint finished, log reused
14:07:59 Checkpoint started
14:07:59 Checkpoint finished, log reused
14:07:59 PL LOG: Installation with dependencies complete
14:07:59 Checkpoint started
14:08:00 Checkpoint finished, log reused
14:08:02 HTTP/WebDAV server online at 27015
14:08:02 Server online at 1111 (pid 19)
14:08:02 Server received signal 15
14:08:02 Initiating quick shutdown
14:08:02 Server shutdown complete

		Thu Jun 13 2024
14:08:02 OpenLink Virtuoso Universal Server
14:08:02 Version 07.20.3237-pthreads for Linux as of Jul 12 2023 (000000)
14:08:02 uses OpenSSL 3.0.2 15 Mar 2022
14:08:02 uses parts of PCRE, Html Tidy
14:08:02 Database version 3126
14:08:02 SQL Optimizer enabled (max 1000 layouts)
14:08:03 Compiler unit is timed at 0.000214 msec
14:08:04 Roll forward started
14:08:04     8 transactions, 1957 bytes replayed (100 %)
14:08:04 Roll forward complete
14:08:05 Checkpoint started
14:08:05 Checkpoint finished, log reused
14:08:07 HTTP/WebDAV server online at 27015
14:08:07 Server online at 1111 (pid 48)
14:08:07 Checkpoint started
14:08:07 Checkpoint finished, log reused
14:08:07 Server shutdown complete

		Thu Jun 13 2024
14:08:07 OpenLink Virtuoso Universal Server
14:08:07 Version 07.20.3237-pthreads for Linux as of Jul 12 2023 (000000)
14:08:07 uses OpenSSL 3.0.2 15 Mar 2022
14:08:07 uses parts of PCRE, Html Tidy
14:08:07 Database version 3126
14:08:07 SQL Optimizer enabled (max 1000 layouts)
14:08:08 Compiler unit is timed at 0.000151 msec
14:08:09 Roll forward started
14:08:09 Roll forward complete
14:08:10 Checkpoint started
14:08:10 Checkpoint finished, log reused
14:08:10 HTTP/WebDAV server online at 8890
14:08:10 Server online at 1111 (pid 1)
14:12:50 Server received signal 15
14:12:50 Initiating quick shutdown
14:12:50 Server shutdown complete
